Build started 18/08/2014 17:05:06.
     1>Project "C:\Users\steve_000\documents\visual studio 2012\Projects\ProceduralMazeGame\ProceduralMazeGame\ProceduralMazeGame.vcxproj" on node 2 (Build target(s)).
     1>ClCompile:
         C:\Program Files (x86)\VC\bin\x86_amd64\CL.exe /c /I"C:\Dev\SFML-2.1\include" /Zi /nologo /W3 /WX- /O2 /Oi /GL /D SFML_STATIC /D WIN32 /D NDEBUG /D _CONSOLE /D _UNICODE /D UNICODE /Gm- /EHsc /MD /GS /Gy /fp:precise /Zc:wchar_t /Zc:forScope /Fo"x64\Release\\" /Fd"x64\Release\vc110.pdb" /Gd /TP /errorReport:prompt main.cpp scene.cpp
         main.cpp
         scene.cpp
     1>scene.cpp(35): warning C4244: 'argument' : conversion from 'time_t' to 'unsigned int', possible loss of data
       Link:
         C:\Program Files (x86)\VC\bin\x86_amd64\link.exe /ERRORREPORT:PROMPT /OUT:"C:\Users\steve_000\documents\visual studio 2012\Projects\ProceduralMazeGame\x64\Release\ProceduralMazeGame.exe" /INCREMENTAL:NO /NOLOGO /LIBPATH:"C:\Dev\SFML-2.1\lib" "sfml-graphics-s.lib" "sfml-window-s.lib" "sfml-system-s.lib" kernel32.lib user32.lib gdi32.lib winspool.lib comdlg32.lib advapi32.lib shell32.lib ole32.lib oleaut32.lib uuid.lib odbc32.lib odbccp32.lib kernel32.lib user32.lib gdi32.lib winspool.lib comdlg32.lib advapi32.lib shell32.lib ole32.lib oleaut32.lib uuid.lib odbc32.lib odbccp32.lib /MANIFEST /MANIFESTUAC:"level='asInvoker' uiAccess='false'" /manifest:embed /DEBUG /PDB:"C:\Users\steve_000\documents\visual studio 2012\Projects\ProceduralMazeGame\x64\Release\ProceduralMazeGame.pdb" /SUBSYSTEM:CONSOLE /OPT:REF /OPT:ICF /LTCG /TLBID:1 /DYNAMICBASE /NXCOMPAT /IMPLIB:"C:\Users\steve_000\documents\visual studio 2012\Projects\ProceduralMazeGame\x64\Release\ProceduralMazeGame.lib" /MACHINE:X64 x64\Release\main.obj
         x64\Release\scene.obj
     1>scene.obj : error LNK2001: unresolved external symbol "private: void __cdecl Scene::mouseInput(class sf::Vector2<int>)" (?mouseInput@Scene@@AEAAXV?$Vector2@H@sf@@@Z)
     1>C:\Users\steve_000\documents\visual studio 2012\Projects\ProceduralMazeGame\x64\Release\ProceduralMazeGame.exe : fatal error LNK1120: 1 unresolved externals
     1>Done Building Project "C:\Users\steve_000\documents\visual studio 2012\Projects\ProceduralMazeGame\ProceduralMazeGame\ProceduralMazeGame.vcxproj" (Build target(s)) -- FAILED.

Build FAILED.

Time Elapsed 00:00:01.35
